<?xml version="1.0" encoding="UTF-8" ?>
<testsuite tests="5" failures="0" name="sorting.test.StudentSortingTest" time="0.012" errors="5" skipped="0">
  <properties>
[...]
</properties>
  <testcase classname="sorting.test.StudentSortingTest" name="testSort01" time="0.01">
    <error message="Index -1 out of bounds for length 10" type="java.lang.ArrayIndexOutOfBoundsException">java.lang.ArrayIndexOutOfBoundsException: Index -1 out of bounds for length 10
	at util.Util.swap(Util.java:23)
	at sorting.variationsOfSelectionsort.RecursiveSelectionSort.sort(RecursiveSelectionSort.java:24)
	at sorting.variationsOfSelectionsort.RecursiveSelectionSort.sort(RecursiveSelectionSort.java:25)
	at sorting.variationsOfSelectionsort.RecursiveSelectionSort.sort(RecursiveSelectionSort.java:25)
	at sorting.variationsOfSelectionsort.RecursiveSelectionSort.sort(RecursiveSelectionSort.java:25)
	at sorting.variationsOfSelectionsort.RecursiveSelectionSort.sort(RecursiveSelectionSort.java:25)
	at sorting.variationsOfSelectionsort.RecursiveSelectionSort.sort(RecursiveSelectionSort.java:25)
	at sorting.variationsOfSelectionsort.RecursiveSelectionSort.sort(RecursiveSelectionSort.java:25)
	at sorting.variationsOfSelectionsort.RecursiveSelectionSort.sort(RecursiveSelectionSort.java:25)
	at sorting.variationsOfSelectionsort.RecursiveSelectionSort.sort(RecursiveSelectionSort.java:25)
	at sorting.variationsOfSelectionsort.RecursiveSelectionSort.sort(RecursiveSelectionSort.java:25)
	at sorting.variationsOfSelectionsort.RecursiveSelectionSort.sort(RecursiveSelectionSort.java:25)
	at sorting.AbstractSorting.sort(AbstractSorting.java:8)
	at sorting.test.StudentSortingTest.genericTest(StudentSortingTest.java:70)
	at sorting.test.StudentSortingTest.testSort01(StudentSortingTest.java:77)
	at java.base/jdk.internal.reflect.DirectMethodHandleAccessor.invoke(DirectMethodHandleAccessor.java:104)
	at java.base/java.lang.reflect.Method.invoke(Method.java:565)
	at org.junit.runners.model.FrameworkMethod$1.runReflectiveCall(FrameworkMethod.java:59)
	at org.junit.internal.runners.model.ReflectiveCallable.run(ReflectiveCallable.java:12)
	at org.junit.runners.model.FrameworkMethod.invokeExplosively(FrameworkMethod.java:56)
	at org.junit.internal.runners.statements.InvokeMethod.evaluate(InvokeMethod.java:17)
	at org.junit.internal.runners.statements.RunBefores.evaluate(RunBefores.java:26)
	at org.junit.runners.ParentRunner$3.evaluate(ParentRunner.java:306)
	at org.junit.runners.BlockJUnit4ClassRunner$1.evaluate(BlockJUnit4ClassRunner.java:100)
	at org.junit.runners.ParentRunner.runLeaf(ParentRunner.java:366)
	at org.junit.runners.BlockJUnit4ClassRunner.runChild(BlockJUnit4ClassRunner.java:103)
	at org.junit.runners.BlockJUnit4ClassRunner.runChild(BlockJUnit4ClassRunner.java:63)
	at org.junit.runners.ParentRunner$4.run(ParentRunner.java:331)
	at org.junit.runners.ParentRunner$1.schedule(ParentRunner.java:79)
	at org.junit.runners.ParentRunner.runChildren(ParentRunner.java:329)
	at org.junit.runners.ParentRunner.access$100(ParentRunner.java:66)
	at org.junit.runners.ParentRunner$2.evaluate(ParentRunner.java:293)
	at org.junit.runners.ParentRunner$3.evaluate(ParentRunner.java:306)
	at org.junit.runners.ParentRunner.run(ParentRunner.java:413)
	at org.apache.maven.surefire.junit4.JUnit4Provider.execute(JUnit4Provider.java:252)
	at org.apache.maven.surefire.junit4.JUnit4Provider.executeTestSet(JUnit4Provider.java:141)
	at org.apache.maven.surefire.junit4.JUnit4Provider.invoke(JUnit4Provider.java:112)
	at java.base/jdk.internal.reflect.DirectMethodHandleAccessor.invoke(DirectMethodHandleAccessor.java:104)
	at java.base/java.lang.reflect.Method.invoke(Method.java:565)
	at org.apache.maven.surefire.util.ReflectionUtils.invokeMethodWithArray(ReflectionUtils.java:189)
	at org.apache.maven.surefire.booter.ProviderFactory$ProviderProxy.invoke(ProviderFactory.java:165)
	at org.apache.maven.surefire.booter.ProviderFactory.invokeProvider(ProviderFactory.java:85)
	at org.apache.maven.surefire.booter.ForkedBooter.runSuitesInProcess(ForkedBooter.java:115)
	at org.apache.maven.surefire.booter.ForkedBooter.main(ForkedBooter.java:75)
</error>
  </testcase>
  <testcase classname="sorting.test.StudentSortingTest" name="testSort02" time="0">
    <error message="Index -1 out of bounds for length 11" type="java.lang.ArrayIndexOutOfBoundsException">java.lang.ArrayIndexOutOfBoundsException: Index -1 out of bounds for length 11
	at util.Util.swap(Util.java:23)
	at sorting.variationsOfSelectionsort.RecursiveSelectionSort.sort(RecursiveSelectionSort.java:24)
	at sorting.variationsOfSelectionsort.RecursiveSelectionSort.sort(RecursiveSelectionSort.java:25)
	at sorting.variationsOfSelectionsort.RecursiveSelectionSort.sort(RecursiveSelectionSort.java:25)
	at sorting.variationsOfSelectionsort.RecursiveSelectionSort.sort(RecursiveSelectionSort.java:25)
	at sorting.variationsOfSelectionsort.RecursiveSelectionSort.sort(RecursiveSelectionSort.java:25)
	at sorting.variationsOfSelectionsort.RecursiveSelectionSort.sort(RecursiveSelectionSort.java:25)
	at sorting.variationsOfSelectionsort.RecursiveSelectionSort.sort(RecursiveSelectionSort.java:25)
	at sorting.variationsOfSelectionsort.RecursiveSelectionSort.sort(RecursiveSelectionSort.java:25)
	at sorting.variationsOfSelectionsort.RecursiveSelectionSort.sort(RecursiveSelectionSort.java:25)
	at sorting.variationsOfSelectionsort.RecursiveSelectionSort.sort(RecursiveSelectionSort.java:25)
	at sorting.variationsOfSelectionsort.RecursiveSelectionSort.sort(RecursiveSelectionSort.java:25)
	at sorting.variationsOfSelectionsort.RecursiveSelectionSort.sort(RecursiveSelectionSort.java:25)
	at sorting.AbstractSorting.sort(AbstractSorting.java:8)
	at sorting.test.StudentSortingTest.genericTest(StudentSortingTest.java:70)
	at sorting.test.StudentSortingTest.testSort02(StudentSortingTest.java:82)
	at java.base/jdk.internal.reflect.DirectMethodHandleAccessor.invoke(DirectMethodHandleAccessor.java:104)
	at java.base/java.lang.reflect.Method.invoke(Method.java:565)
	at org.junit.runners.model.FrameworkMethod$1.runReflectiveCall(FrameworkMethod.java:59)
	at org.junit.internal.runners.model.ReflectiveCallable.run(ReflectiveCallable.java:12)
	at org.junit.runners.model.FrameworkMethod.invokeExplosively(FrameworkMethod.java:56)
	at org.junit.internal.runners.statements.InvokeMethod.evaluate(InvokeMethod.java:17)
	at org.junit.internal.runners.statements.RunBefores.evaluate(RunBefores.java:26)
	at org.junit.runners.ParentRunner$3.evaluate(ParentRunner.java:306)
	at org.junit.runners.BlockJUnit4ClassRunner$1.evaluate(BlockJUnit4ClassRunner.java:100)
	at org.junit.runners.ParentRunner.runLeaf(ParentRunner.java:366)
	at org.junit.runners.BlockJUnit4ClassRunner.runChild(BlockJUnit4ClassRunner.java:103)
	at org.junit.runners.BlockJUnit4ClassRunner.runChild(BlockJUnit4ClassRunner.java:63)
	at org.junit.runners.ParentRunner$4.run(ParentRunner.java:331)
	at org.junit.runners.ParentRunner$1.schedule(ParentRunner.java:79)
	at org.junit.runners.ParentRunner.runChildren(ParentRunner.java:329)
	at org.junit.runners.ParentRunner.access$100(ParentRunner.java:66)
	at org.junit.runners.ParentRunner$2.evaluate(ParentRunner.java:293)
	at org.junit.runners.ParentRunner$3.evaluate(ParentRunner.java:306)
	at org.junit.runners.ParentRunner.run(ParentRunner.java:413)
	at org.apache.maven.surefire.junit4.JUnit4Provider.execute(JUnit4Provider.java:252)
	at org.apache.maven.surefire.junit4.JUnit4Provider.executeTestSet(JUnit4Provider.java:141)
	at org.apache.maven.surefire.junit4.JUnit4Provider.invoke(JUnit4Provider.java:112)
	at java.base/jdk.internal.reflect.DirectMethodHandleAccessor.invoke(DirectMethodHandleAccessor.java:104)
	at java.base/java.lang.reflect.Method.invoke(Method.java:565)
	at org.apache.maven.surefire.util.ReflectionUtils.invokeMethodWithArray(ReflectionUtils.java:189)
	at org.apache.maven.surefire.booter.ProviderFactory$ProviderProxy.invoke(ProviderFactory.java:165)
	at org.apache.maven.surefire.booter.ProviderFactory.invokeProvider(ProviderFactory.java:85)
	at org.apache.maven.surefire.booter.ForkedBooter.runSuitesInProcess(ForkedBooter.java:115)
	at org.apache.maven.surefire.booter.ForkedBooter.main(ForkedBooter.java:75)
</error>
  </testcase>
  <testcase classname="sorting.test.StudentSortingTest" name="testSort03" time="0">
    <error message="Index 0 out of bounds for length 0" type="java.lang.ArrayIndexOutOfBoundsException">java.lang.ArrayIndexOutOfBoundsException: Index 0 out of bounds for length 0
	at util.Util.swap(Util.java:22)
	at sorting.variationsOfSelectionsort.RecursiveSelectionSort.sort(RecursiveSelectionSort.java:24)
	at sorting.AbstractSorting.sort(AbstractSorting.java:8)
	at sorting.test.StudentSortingTest.genericTest(StudentSortingTest.java:70)
	at sorting.test.StudentSortingTest.testSort03(StudentSortingTest.java:87)
	at java.base/jdk.internal.reflect.DirectMethodHandleAccessor.invoke(DirectMethodHandleAccessor.java:104)
	at java.base/java.lang.reflect.Method.invoke(Method.java:565)
	at org.junit.runners.model.FrameworkMethod$1.runReflectiveCall(FrameworkMethod.java:59)
	at org.junit.internal.runners.model.ReflectiveCallable.run(ReflectiveCallable.java:12)
	at org.junit.runners.model.FrameworkMethod.invokeExplosively(FrameworkMethod.java:56)
	at org.junit.internal.runners.statements.InvokeMethod.evaluate(InvokeMethod.java:17)
	at org.junit.internal.runners.statements.RunBefores.evaluate(RunBefores.java:26)
	at org.junit.runners.ParentRunner$3.evaluate(ParentRunner.java:306)
	at org.junit.runners.BlockJUnit4ClassRunner$1.evaluate(BlockJUnit4ClassRunner.java:100)
	at org.junit.runners.ParentRunner.runLeaf(ParentRunner.java:366)
	at org.junit.runners.BlockJUnit4ClassRunner.runChild(BlockJUnit4ClassRunner.java:103)
	at org.junit.runners.BlockJUnit4ClassRunner.runChild(BlockJUnit4ClassRunner.java:63)
	at org.junit.runners.ParentRunner$4.run(ParentRunner.java:331)
	at org.junit.runners.ParentRunner$1.schedule(ParentRunner.java:79)
	at org.junit.runners.ParentRunner.runChildren(ParentRunner.java:329)
	at org.junit.runners.ParentRunner.access$100(ParentRunner.java:66)
	at org.junit.runners.ParentRunner$2.evaluate(ParentRunner.java:293)
	at org.junit.runners.ParentRunner$3.evaluate(ParentRunner.java:306)
	at org.junit.runners.ParentRunner.run(ParentRunner.java:413)
	at org.apache.maven.surefire.junit4.JUnit4Provider.execute(JUnit4Provider.java:252)
	at org.apache.maven.surefire.junit4.JUnit4Provider.executeTestSet(JUnit4Provider.java:141)
	at org.apache.maven.surefire.junit4.JUnit4Provider.invoke(JUnit4Provider.java:112)
	at java.base/jdk.internal.reflect.DirectMethodHandleAccessor.invoke(DirectMethodHandleAccessor.java:104)
	at java.base/java.lang.reflect.Method.invoke(Method.java:565)
	at org.apache.maven.surefire.util.ReflectionUtils.invokeMethodWithArray(ReflectionUtils.java:189)
	at org.apache.maven.surefire.booter.ProviderFactory$ProviderProxy.invoke(ProviderFactory.java:165)
	at org.apache.maven.surefire.booter.ProviderFactory.invokeProvider(ProviderFactory.java:85)
	at org.apache.maven.surefire.booter.ForkedBooter.runSuitesInProcess(ForkedBooter.java:115)
	at org.apache.maven.surefire.booter.ForkedBooter.main(ForkedBooter.java:75)
</error>
  </testcase>
  <testcase classname="sorting.test.StudentSortingTest" name="testSort04" time="0.001">
    <error message="Index -1 out of bounds for length 6" type="java.lang.ArrayIndexOutOfBoundsException">java.lang.ArrayIndexOutOfBoundsException: Index -1 out of bounds for length 6
	at util.Util.swap(Util.java:23)
	at sorting.variationsOfSelectionsort.RecursiveSelectionSort.sort(RecursiveSelectionSort.java:24)
	at sorting.variationsOfSelectionsort.RecursiveSelectionSort.sort(RecursiveSelectionSort.java:25)
	at sorting.variationsOfSelectionsort.RecursiveSelectionSort.sort(RecursiveSelectionSort.java:25)
	at sorting.variationsOfSelectionsort.RecursiveSelectionSort.sort(RecursiveSelectionSort.java:25)
	at sorting.variationsOfSelectionsort.RecursiveSelectionSort.sort(RecursiveSelectionSort.java:25)
	at sorting.variationsOfSelectionsort.RecursiveSelectionSort.sort(RecursiveSelectionSort.java:25)
	at sorting.variationsOfSelectionsort.RecursiveSelectionSort.sort(RecursiveSelectionSort.java:25)
	at sorting.AbstractSorting.sort(AbstractSorting.java:8)
	at sorting.test.StudentSortingTest.genericTest(StudentSortingTest.java:70)
	at sorting.test.StudentSortingTest.testSort04(StudentSortingTest.java:92)
	at java.base/jdk.internal.reflect.DirectMethodHandleAccessor.invoke(DirectMethodHandleAccessor.java:104)
	at java.base/java.lang.reflect.Method.invoke(Method.java:565)
	at org.junit.runners.model.FrameworkMethod$1.runReflectiveCall(FrameworkMethod.java:59)
	at org.junit.internal.runners.model.ReflectiveCallable.run(ReflectiveCallable.java:12)
	at org.junit.runners.model.FrameworkMethod.invokeExplosively(FrameworkMethod.java:56)
	at org.junit.internal.runners.statements.InvokeMethod.evaluate(InvokeMethod.java:17)
	at org.junit.internal.runners.statements.RunBefores.evaluate(RunBefores.java:26)
	at org.junit.runners.ParentRunner$3.evaluate(ParentRunner.java:306)
	at org.junit.runners.BlockJUnit4ClassRunner$1.evaluate(BlockJUnit4ClassRunner.java:100)
	at org.junit.runners.ParentRunner.runLeaf(ParentRunner.java:366)
	at org.junit.runners.BlockJUnit4ClassRunner.runChild(BlockJUnit4ClassRunner.java:103)
	at org.junit.runners.BlockJUnit4ClassRunner.runChild(BlockJUnit4ClassRunner.java:63)
	at org.junit.runners.ParentRunner$4.run(ParentRunner.java:331)
	at org.junit.runners.ParentRunner$1.schedule(ParentRunner.java:79)
	at org.junit.runners.ParentRunner.runChildren(ParentRunner.java:329)
	at org.junit.runners.ParentRunner.access$100(ParentRunner.java:66)
	at org.junit.runners.ParentRunner$2.evaluate(ParentRunner.java:293)
	at org.junit.runners.ParentRunner$3.evaluate(ParentRunner.java:306)
	at org.junit.runners.ParentRunner.run(ParentRunner.java:413)
	at org.apache.maven.surefire.junit4.JUnit4Provider.execute(JUnit4Provider.java:252)
	at org.apache.maven.surefire.junit4.JUnit4Provider.executeTestSet(JUnit4Provider.java:141)
	at org.apache.maven.surefire.junit4.JUnit4Provider.invoke(JUnit4Provider.java:112)
	at java.base/jdk.internal.reflect.DirectMethodHandleAccessor.invoke(DirectMethodHandleAccessor.java:104)
	at java.base/java.lang.reflect.Method.invoke(Method.java:565)
	at org.apache.maven.surefire.util.ReflectionUtils.invokeMethodWithArray(ReflectionUtils.java:189)
	at org.apache.maven.surefire.booter.ProviderFactory$ProviderProxy.invoke(ProviderFactory.java:165)
	at org.apache.maven.surefire.booter.ProviderFactory.invokeProvider(ProviderFactory.java:85)
	at org.apache.maven.surefire.booter.ForkedBooter.runSuitesInProcess(ForkedBooter.java:115)
	at org.apache.maven.surefire.booter.ForkedBooter.main(ForkedBooter.java:75)
</error>
  </testcase>
  <testcase classname="sorting.test.StudentSortingTest" name="testSort05" time="0.001">
    <error message="Index -1 out of bounds for length 8" type="java.lang.ArrayIndexOutOfBoundsException">java.lang.ArrayIndexOutOfBoundsException: Index -1 out of bounds for length 8
	at util.Util.swap(Util.java:23)
	at sorting.variationsOfSelectionsort.RecursiveSelectionSort.sort(RecursiveSelectionSort.java:24)
	at sorting.variationsOfSelectionsort.RecursiveSelectionSort.sort(RecursiveSelectionSort.java:25)
	at sorting.variationsOfSelectionsort.RecursiveSelectionSort.sort(RecursiveSelectionSort.java:25)
	at sorting.variationsOfSelectionsort.RecursiveSelectionSort.sort(RecursiveSelectionSort.java:25)
	at sorting.variationsOfSelectionsort.RecursiveSelectionSort.sort(RecursiveSelectionSort.java:25)
	at sorting.variationsOfSelectionsort.RecursiveSelectionSort.sort(RecursiveSelectionSort.java:25)
	at sorting.variationsOfSelectionsort.RecursiveSelectionSort.sort(RecursiveSelectionSort.java:25)
	at sorting.variationsOfSelectionsort.RecursiveSelectionSort.sort(RecursiveSelectionSort.java:25)
	at sorting.variationsOfSelectionsort.RecursiveSelectionSort.sort(RecursiveSelectionSort.java:25)
	at sorting.AbstractSorting.sort(AbstractSorting.java:8)
	at sorting.test.StudentSortingTest.genericTest(StudentSortingTest.java:70)
	at sorting.test.StudentSortingTest.testSort05(StudentSortingTest.java:97)
	at java.base/jdk.internal.reflect.DirectMethodHandleAccessor.invoke(DirectMethodHandleAccessor.java:104)
	at java.base/java.lang.reflect.Method.invoke(Method.java:565)
	at org.junit.runners.model.FrameworkMethod$1.runReflectiveCall(FrameworkMethod.java:59)
	at org.junit.internal.runners.model.ReflectiveCallable.run(ReflectiveCallable.java:12)
	at org.junit.runners.model.FrameworkMethod.invokeExplosively(FrameworkMethod.java:56)
	at org.junit.internal.runners.statements.InvokeMethod.evaluate(InvokeMethod.java:17)
	at org.junit.internal.runners.statements.RunBefores.evaluate(RunBefores.java:26)
	at org.junit.runners.ParentRunner$3.evaluate(ParentRunner.java:306)
	at org.junit.runners.BlockJUnit4ClassRunner$1.evaluate(BlockJUnit4ClassRunner.java:100)
	at org.junit.runners.ParentRunner.runLeaf(ParentRunner.java:366)
	at org.junit.runners.BlockJUnit4ClassRunner.runChild(BlockJUnit4ClassRunner.java:103)
	at org.junit.runners.BlockJUnit4ClassRunner.runChild(BlockJUnit4ClassRunner.java:63)
	at org.junit.runners.ParentRunner$4.run(ParentRunner.java:331)
	at org.junit.runners.ParentRunner$1.schedule(ParentRunner.java:79)
	at org.junit.runners.ParentRunner.runChildren(ParentRunner.java:329)
	at org.junit.runners.ParentRunner.access$100(ParentRunner.java:66)
	at org.junit.runners.ParentRunner$2.evaluate(ParentRunner.java:293)
	at org.junit.runners.ParentRunner$3.evaluate(ParentRunner.java:306)
	at org.junit.runners.ParentRunner.run(ParentRunner.java:413)
	at org.apache.maven.surefire.junit4.JUnit4Provider.execute(JUnit4Provider.java:252)
	at org.apache.maven.surefire.junit4.JUnit4Provider.executeTestSet(JUnit4Provider.java:141)
	at org.apache.maven.surefire.junit4.JUnit4Provider.invoke(JUnit4Provider.java:112)
	at java.base/jdk.internal.reflect.DirectMethodHandleAccessor.invoke(DirectMethodHandleAccessor.java:104)
	at java.base/java.lang.reflect.Method.invoke(Method.java:565)
	at org.apache.maven.surefire.util.ReflectionUtils.invokeMethodWithArray(ReflectionUtils.java:189)
	at org.apache.maven.surefire.booter.ProviderFactory$ProviderProxy.invoke(ProviderFactory.java:165)
	at org.apache.maven.surefire.booter.ProviderFactory.invokeProvider(ProviderFactory.java:85)
	at org.apache.maven.surefire.booter.ForkedBooter.runSuitesInProcess(ForkedBooter.java:115)
	at org.apache.maven.surefire.booter.ForkedBooter.main(ForkedBooter.java:75)
</error>
  </testcase>
</testsuite>